<?xml version="1.0" encoding="UTF-8"?>
<!-- Generated by org.testng.reporters.JUnitReportReporter -->
<testsuite hostname="ISRAEL-PC" failures="0" tests="1" name="testes.GoogleTestExemplo" time="66.203" errors="0" timestamp="28 Feb 2019 03:50:06 GMT" skipped="0">
  <testcase classname="testes.GoogleTestExemplo" name="pesquisaGoogle" time="66.203"/>
</testsuite> <!-- testes.GoogleTestExemplo -->
